{"C:\\Users\\Patrik\\Desktop\\basic-dynamo-interaction\\awsInteractions.js": {"path":"C:\\Users\\Patrik\\Desktop\\basic-dynamo-interaction\\awsInteractions.js","statementMap":{"0":{"start":{"line":3,"column":0},"end":{"line":16,"column":1}},"1":{"start":{"line":4,"column":4},"end":{"line":15,"column":5}},"2":{"start":{"line":5,"column":23},"end":{"line":8,"column":9}},"3":{"start":{"line":10,"column":23},"end":{"line":10,"column":61}},"4":{"start":{"line":11,"column":8},"end":{"line":11,"column":21}},"5":{"start":{"line":14,"column":8},"end":{"line":14,"column":17}},"6":{"start":{"line":18,"column":0},"end":{"line":32,"column":1}},"7":{"start":{"line":19,"column":4},"end":{"line":31,"column":5}},"8":{"start":{"line":20,"column":23},"end":{"line":24,"column":9}},"9":{"start":{"line":26,"column":23},"end":{"line":26,"column":58}},"10":{"start":{"line":27,"column":8},"end":{"line":27,"column":21}},"11":{"start":{"line":30,"column":8},"end":{"line":30,"column":17}}},"fnMap":{"0":{"name":"(anonymous_0)","decl":{"start":{"line":3,"column":27},"end":{"line":3,"column":28}},"loc":{"start":{"line":3,"column":63},"end":{"line":16,"column":1}},"line":3},"1":{"name":"(anonymous_1)","decl":{"start":{"line":18,"column":25},"end":{"line":18,"column":26}},"loc":{"start":{"line":18,"column":67},"end":{"line":32,"column":1}},"line":18}},"branchMap":{},"s":{"0":2,"1":2,"2":2,"3":2,"4":1,"5":1,"6":2,"7":2,"8":2,"9":2,"10":1,"11":1},"f":{"0":2,"1":2},"b":{},"_coverageSchema":"332fd63041d2c1bcb487cc26dd0d5f7d97098a6c","hash":"6e3bb697c16f910456f3537e2a4a9ee89beb95f2"}
}
